TN:
SF:src\calculator.ts
FN:4,(anonymous_8)
FN:10,(anonymous_9)
FN:14,(anonymous_10)
FN:17,(anonymous_11)
FN:22,(anonymous_12)
FN:25,(anonymous_13)
FN:29,(anonymous_14)
FN:30,(anonymous_15)
FN:31,(anonymous_16)
FN:36,(anonymous_17)
FN:39,(anonymous_19)
FNF:11
FNH:11
FNDA:3,(anonymous_8)
FNDA:3,(anonymous_9)
FNDA:1,(anonymous_10)
FNDA:2,(anonymous_11)
FNDA:2,(anonymous_12)
FNDA:4,(anonymous_13)
FNDA:2,(anonymous_14)
FNDA:2,(anonymous_15)
FNDA:2,(anonymous_16)
FNDA:1,(anonymous_17)
FNDA:1,(anonymous_19)
DA:1,1
DA:5,3
DA:6,3
DA:8,3
DA:11,3
DA:12,3
DA:15,1
DA:18,2
DA:19,1
DA:20,1
DA:23,2
DA:26,4
DA:30,2
DA:31,2
DA:32,2
DA:37,1
DA:40,1
DA:44,1
LF:18
LH:18
BRDA:18,0,0,1
BRF:1
BRH:1
end_of_record
